#
# There is insufficient memory for the Java Runtime Environment to continue.
# Native memory allocation (malloc) failed to allocate 32744 bytes for Chunk::new
# Possible reasons:
#   The system is out of physical RAM or swap space
#   The process is running with CompressedOops enabled, and the Java Heap may be blocking the growth of the native heap
# Possible solutions:
#   Reduce memory load on the system
#   Increase physical memory or swap space
#   Check if swap backing store is full
#   Decrease Java heap size (-Xmx/-Xms)
#   Decrease number of Java threads
#   Decrease Java thread stack sizes (-Xss)
#   Set larger code cache with -XX:ReservedCodeCacheSize=
#   JVM is running with Unscaled Compressed Oops mode in which the Java heap is
#     placed in the first 4GB address space. The Java Heap base address is the
#     maximum limit for the native heap growth. Please use -XX:HeapBaseMinAddress
#     to set the Java Heap base and to place the Java Heap above 4GB virtual address.
# This output file may be truncated or incomplete.
#
#  Out of Memory Error (arena.cpp:184), pid=11680, tid=8316
#
# JRE version: Java(TM) SE Runtime Environment (18.0.1.1+2) (build 18.0.1.1+2-6)
# Java VM: Java HotSpot(TM) 64-Bit Server VM (18.0.1.1+2-6, mixed mode, sharing, tiered, compressed oops, compressed class ptrs, g1 gc, windows-amd64)
# No core dump will be written. Minidumps are not enabled by default on client versions of Windows
#

---------------  S U M M A R Y ------------

Command Line: -Dfile.encoding=UTF-8 --module-path=C:\Users\Nekhross\Documents\NetBeansProjects\App_proyectoVinculacion\build\classes app_proyectovinculacion.interfaz_intervenciones

Host: Intel(R) Core(TM) i5-2300 CPU @ 2.80GHz, 4 cores, 7G,  Windows 10 , 64 bit Build 19041 (10.0.19041.1889)
Time: Tue Sep  6 16:48:09 2022 Hora est. Pacífico, Sudamérica elapsed time: 0.122544 seconds (0d 0h 0m 0s)

---------------  T H R E A D  ---------------

Current thread (0x000001aad041e1d0):  JavaThread "C2 CompilerThread0" daemon [_thread_in_vm, id=8316, stack(0x00000068ff300000,0x00000068ff400000)]

Stack: [0x00000068ff300000,0x00000068ff400000]
Native frames: (J=compiled Java code, j=interpreted, Vv=VM code, C=native code)
V  [jvm.dll+0x69887a]
V  [jvm.dll+0x7f38bd]
V  [jvm.dll+0x7f51ce]
V  [jvm.dll+0x7f5883]
V  [jvm.dll+0x25ca3f]
V  [jvm.dll+0xb8c2f]
V  [jvm.dll+0xb8fa5]
V  [jvm.dll+0x625770]
V  [jvm.dll+0x625906]
V  [jvm.dll+0x625906]
V  [jvm.dll+0x625906]
V  [jvm.dll+0x62b707]
V  [jvm.dll+0x62c662]
V  [jvm.dll+0x62aae4]
V  [jvm.dll+0x22fa98]
V  [jvm.dll+0x22e17c]
V  [jvm.dll+0x6f1c89]
V  [jvm.dll+0x6f19a6]
V  [jvm.dll+0x1b9f1d]
V  [jvm.dll+0x23d924]
V  [jvm.dll+0x23ca6a]
V  [jvm.dll+0x7a5fb1]
V  [jvm.dll+0x7a03ea]
V  [jvm.dll+0x697725]
C  [ucrtbase.dll+0x21bb2]
C  [KERNEL32.DLL+0x17034]
C  [ntdll.dll+0x526a1]


---------------  P R O C E S S  ---------------

Threads class SMR info:
_java_thread_list=0x000001aad488e900, length=12, elements={
0x000001aab2a7dbd0, 0x000001aad03fa4a0, 0x000001aad03fc020, 0x000001aad04186e0,
0x000001aad0418f90, 0x000001aad0419840, 0x000001aad041a0f0, 0x000001aad041e1d0,
0x000001aad04206e0, 0x000001aad043abe0, 0x000001aad04ce6b0, 0x000001aad48bbc50
}

Java Threads: ( => current thread )
  0x000001aab2a7dbd0 JavaThread "main" [_thread_in_vm, id=2296, stack(0x00000068fe600000,0x00000068fe700000)]
  0x000001aad03fa4a0 JavaThread "Reference Handler" daemon [_thread_blocked, id=11544, stack(0x00000068fed00000,0x00000068fee00000)]
  0x000001aad03fc020 JavaThread "Finalizer" daemon [_thread_blocked, id=11580, stack(0x00000068fee00000,0x00000068fef00000)]
  0x000001aad04186e0 JavaThread "Signal Dispatcher" daemon [_thread_blocked, id=11244, stack(0x00000068fef00000,0x00000068ff000000)]
  0x000001aad0418f90 JavaThread "Attach Listener" daemon [_thread_blocked, id=11668, stack(0x00000068ff000000,0x00000068ff100000)]
  0x000001aad0419840 JavaThread "Service Thread" daemon [_thread_blocked, id=9704, stack(0x00000068ff100000,0x00000068ff200000)]
  0x000001aad041a0f0 JavaThread "Monitor Deflation Thread" daemon [_thread_blocked, id=10136, stack(0x00000068ff200000,0x00000068ff300000)]
=>0x000001aad041e1d0 JavaThread "C2 CompilerThread0" daemon [_thread_in_vm, id=8316, stack(0x00000068ff300000,0x00000068ff400000)]
  0x000001aad04206e0 JavaThread "C1 CompilerThread0" daemon [_thread_in_native, id=11560, stack(0x00000068ff400000,0x00000068ff500000)]
  0x000001aad043abe0 JavaThread "Sweeper thread" daemon [_thread_blocked, id=7376, stack(0x00000068ff500000,0x00000068ff600000)]
  0x000001aad04ce6b0 JavaThread "Common-Cleaner" daemon [_thread_blocked, id=11360, stack(0x00000068ff600000,0x00000068ff700000)]
  0x000001aad48bbc50 JavaThread "Notification Thread" daemon [_thread_blocked, id=9736, stack(0x00000068ff700000,0x00000068ff800000)]

Other Threads:
  0x000001aad03f30c0 VMThread "VM Thread" [stack: 0x00000068fec00000,0x00000068fed00000] [id=5820]
  0x000001aad48bc110 WatcherThread "VM Periodic Task Thread" [stack: 0x00000068ff800000,0x00000068ff900000] [id=7532]
  0x000001aab2add3e0 WorkerThread "GC Thread#0" [stack: 0x00000068fe700000,0x00000068fe800000] [id=8264]
  0x000001aab2aef1b0 ConcurrentGCThread "G1 Main Marker" [stack: 0x00000068fe800000,0x00000068fe900000] [id=5112]
  0x000001aab2af1260 WorkerThread "G1 Conc#0" [stack: 0x00000068fe900000,0x00000068fea00000] [id=11088]
  0x000001aab2b2e960 ConcurrentGCThread "G1 Refine#0" [stack: 0x00000068fea00000,0x00000068feb00000] [id=10360]
  0x000001aab2b2f180 ConcurrentGCThread "G1 Service" [stack: 0x00000068feb00000,0x00000068fec00000] [id=11804]

Threads with active compile tasks:
C1 CompilerThread0      766   44   !   3       java.util.concurrent.ConcurrentHashMap::putVal (432 bytes)

VM state: not at safepoint (normal execution)

VM Mutex/Monitor currently owned by a thread:  ([mutex/lock_event])
[0x000001aab2a770d0] Metaspace_lock - owner thread: 0x000001aab2a7dbd0

Heap address: 0x0000000080400000, size: 2044 MB, Compressed Oops mode: 32-bit

CDS archive(s) mapped at: [0x0000000800000000-0x0000000800ba0000-0x0000000800ba0000), size 12189696, SharedBaseAddress: 0x0000000800000000, ArchiveRelocationMode: 0.
Compressed class space mapped at: 0x0000000800c00000-0x0000000840c00000, reserved size: 1073741824
Narrow klass base: 0x0000000800000000, Narrow klass shift: 0, Narrow klass range: 0x100000000

GC Precious Log:
 CardTable entry size: 512
 Card Set container configuration: InlinePtr #cards 5 size 8 Array Of Cards #cards 12 size 40 Howl #buckets 4 coarsen threshold 1843 Howl Bitmap #cards 512 size 80 coarsen threshold 460 Card regions per heap region 1 cards per card region 2048
 CPUs: 4 total, 4 available
 Memory: 8174M
 Large Page Support: Disabled
 NUMA Support: Disabled
 Compressed Oops: Enabled (32-bit)
 Heap Region Size: 1M
 Heap Min Capacity: 8M
 Heap Initial Capacity: 128M
 Heap Max Capacity: 2044M
 Pre-touch: Disabled
 Parallel Workers: 4
 Concurrent Workers: 1
 Concurrent Refinement Workers: 4
 Periodic GC: Disabled

Heap:
 garbage-first heap   total 131072K, used 1024K [0x0000000080400000, 0x0000000100000000)
  region size 1024K, 2 young (2048K), 0 survivors (0K)
 Metaspace       used 875K, committed 1024K, reserved 1114112K
  class space    used 91K, committed 192K, reserved 1048576K

Heap Regions: E=young(eden), S=young(survivor), O=old, HS=humongous(starts), HC=humongous(continues), CS=collection set, F=free, OA=open archive, CA=closed archive, TAMS=top-at-mark-start (previous, next)
|   0|0x0000000080400000, 0x0000000080400000, 0x0000000080500000|  0%| F|  |TAMS 0x0000000080400000, 0x0000000080400000| Untracked 
|   1|0x0000000080500000, 0x0000000080500000, 0x0000000080600000|  0%| F|  |TAMS 0x0000000080500000, 0x0000000080500000| Untracked 
|   2|0x0000000080600000, 0x0000000080600000, 0x0000000080700000|  0%| F|  |TAMS 0x0000000080600000, 0x0000000080600000| Untracked 
|   3|0x0000000080700000, 0x0000000080700000, 0x0000000080800000|  0%| F|  |TAMS 0x0000000080700000, 0x0000000080700000| Untracked 
|   4|0x0000000080800000, 0x0000000080800000, 0x0000000080900000|  0%| F|  |TAMS 0x0000000080800000, 0x0000000080800000| Untracked 
|   5|0x0000000080900000, 0x0000000080900000, 0x0000000080a00000|  0%| F|  |TAMS 0x0000000080900000, 0x0000000080900000| Untracked 
|   6|0x0000000080a00000, 0x0000000080a00000, 0x0000000080b00000|  0%| F|  |TAMS 0x0000000080a00000, 0x0000000080a00000| Untracked 
|   7|0x0000000080b00000, 0x0000000080b00000, 0x0000000080c00000|  0%| F|  |TAMS 0x0000000080b00000, 0x0000000080b00000| Untracked 
|   8|0x0000000080c00000, 0x0000000080c00000, 0x0000000080d00000|  0%| F|  |TAMS 0x0000000080c00000, 0x0000000080c00000| Untracked 
|   9|0x0000000080d00000, 0x0000000080d00000, 0x0000000080e00000|  0%| F|  |TAMS 0x0000000080d00000, 0x0000000080d00000| Untracked 
|  10|0x0000000080e00000, 0x0000000080e00000, 0x0000000080f00000|  0%| F|  |TAMS 0x0000000080e00000, 0x0000000080e00000| Untracked 
|  11|0x0000000080f00000, 0x0000000080f00000, 0x0000000081000000|  0%| F|  |TAMS 0x0000000080f00000, 0x0000000080f00000| Untracked 
|  12|0x0000000081000000, 0x0000000081000000, 0x0000000081100000|  0%| F|  |TAMS 0x0000000081000000, 0x0000000081000000| Untracked 
|  13|0x0000000081100000, 0x0000000081100000, 0x0000000081200000|  0%| F|  |TAMS 0x0000000081100000, 0x0000000081100000| Untracked 
|  14|0x0000000081200000, 0x0000000081200000, 0x0000000081300000|  0%| F|  |TAMS 0x0000000081200000, 0x0000000081200000| Untracked 
|  15|0x0000000081300000, 0x0000000081300000, 0x0000000081400000|  0%| F|  |TAMS 0x0000000081300000, 0x0000000081300000| Untracked 
|  16|0x0000000081400000, 0x0000000081400000, 0x0000000081500000|  0%| F|  |TAMS 0x0000000081400000, 0x0000000081400000| Untracked 
|  17|0x0000000081500000, 0x0000000081500000, 0x0000000081600000|  0%| F|  |TAMS 0x0000000081500000, 0x0000000081500000| Untracked 
|  18|0x0000000081600000, 0x0000000081600000, 0x0000000081700000|  0%| F|  |TAMS 0x0000000081600000, 0x0000000081600000| Untracked 
|  19|0x0000000081700000, 0x0000000081700000, 0x0000000081800000|  0%| F|  |TAMS 0x0000000081700000, 0x0000000081700000| Untracked 
|  20|0x0000000081800000, 0x0000000081800000, 0x0000000081900000|  0%| F|  |TAMS 0x0000000081800000, 0x0000000081800000| Untracked 
|  21|0x0000000081900000, 0x0000000081900000, 0x0000000081a00000|  0%| F|  |TAMS 0x0000000081900000, 0x0000000081900000| Untracked 
|  22|0x0000000081a00000, 0x0000000081a00000, 0x0000000081b00000|  0%| F|  |TAMS 0x0000000081a00000, 0x0000000081a00000| Untracked 
|  23|0x0000000081b00000, 0x0000000081b00000, 0x0000000081c00000|  0%| F|  |TAMS 0x0000000081b00000, 0x0000000081b00000| Untracked 
|  24|0x0000000081c00000, 0x0000000081c00000, 0x0000000081d00000|  0%| F|  |TAMS 0x0000000081c00000, 0x0000000081c00000| Untracked 
|  25|0x0000000081d00000, 0x0000000081d00000, 0x0000000081e00000|  0%| F|  |TAMS 0x0000000081d00000, 0x0000000081d00000| Untracked 
|  26|0x0000000081e00000, 0x0000000081e00000, 0x0000000081f00000|  0%| F|  |TAMS 0x0000000081e00000, 0x0000000081e00000| Untracked 
|  27|0x0000000081f00000, 0x0000000081f00000, 0x0000000082000000|  0%| F|  |TAMS 0x0000000081f00000, 0x0000000081f00000| Untracked 
|  28|0x0000000082000000, 0x0000000082000000, 0x0000000082100000|  0%| F|  |TAMS 0x0000000082000000, 0x0000000082000000| Untracked 
|  29|0x0000000082100000, 0x0000000082100000, 0x0000000082200000|  0%| F|  |TAMS 0x0000000082100000, 0x0000000082100000| Untracked 
|  30|0x0000000082200000, 0x0000000082200000, 0x0000000082300000|  0%| F|  |TAMS 0x0000000082200000, 0x0000000082200000| Untracked 
|  31|0x0000000082300000, 0x0000000082300000, 0x0000000082400000|  0%| F|  |TAMS 0x0000000082300000, 0x0000000082300000| Untracked 
|  32|0x0000000082400000, 0x0000000082400000, 0x0000000082500000|  0%| F|  |TAMS 0x0000000082400000, 0x0000000082400000| Untracked 
|  33|0x0000000082500000, 0x0000000082500000, 0x0000000082600000|  0%| F|  |TAMS 0x0000000082500000, 0x0000000082500000| Untracked 
|  34|0x0000000082600000, 0x0000000082600000, 0x0000000082700000|  0%| F|  |TAMS 0x0000000082600000, 0x0000000082600000| Untracked 
|  35|0x0000000082700000, 0x0000000082700000, 0x0000000082800000|  0%| F|  |TAMS 0x0000000082700000, 0x0000000082700000| Untracked 
|  36|0x0000000082800000, 0x0000000082800000, 0x0000000082900000|  0%| F|  |TAMS 0x0000000082800000, 0x0000000082800000| Untracked 
|  37|0x0000000082900000, 0x0000000082900000, 0x0000000082a00000|  0%| F|  |TAMS 0x0000000082900000, 0x0000000082900000| Untracked 
|  38|0x0000000082a00000, 0x0000000082a00000, 0x0000000082b00000|  0%| F|  |TAMS 0x0000000082a00000, 0x0000000082a00000| Untracked 
|  39|0x0000000082b00000, 0x0000000082b00000, 0x0000000082c00000|  0%| F|  |TAMS 0x0000000082b00000, 0x0000000082b00000| Untracked 
|  40|0x0000000082c00000, 0x0000000082c00000, 0x0000000082d00000|  0%| F|  |TAMS 0x0000000082c00000, 0x0000000082c00000| Untracked 
|  41|0x0000000082d00000, 0x0000000082d00000, 0x0000000082e00000|  0%| F|  |TAMS 0x0000000082d00000, 0x0000000082d00000| Untracked 
|  42|0x0000000082e00000, 0x0000000082e00000, 0x0000000082f00000|  0%| F|  |TAMS 0x0000000082e00000, 0x0000000082e00000| Untracked 
|  43|0x0000000082f00000, 0x0000000082f00000, 0x0000000083000000|  0%| F|  |TAMS 0x0000000082f00000, 0x0000000082f00000| Untracked 
|  44|0x0000000083000000, 0x0000000083000000, 0x0000000083100000|  0%| F|  |TAMS 0x0000000083000000, 0x0000000083000000| Untracked 
|  45|0x0000000083100000, 0x0000000083100000, 0x0000000083200000|  0%| F|  |TAMS 0x0000000083100000, 0x0000000083100000| Untracked 
|  46|0x0000000083200000, 0x0000000083200000, 0x0000000083300000|  0%| F|  |TAMS 0x0000000083200000, 0x0000000083200000| Untracked 
|  47|0x0000000083300000, 0x0000000083300000, 0x0000000083400000|  0%| F|  |TAMS 0x0000000083300000, 0x0000000083300000| Untracked 
|  48|0x0000000083400000, 0x0000000083400000, 0x0000000083500000|  0%| F|  |TAMS 0x0000000083400000, 0x0000000083400000| Untracked 
|  49|0x0000000083500000, 0x0000000083500000, 0x0000000083600000|  0%| F|  |TAMS 0x0000000083500000, 0x0000000083500000| Untracked 
|  50|0x0000000083600000, 0x0000000083600000, 0x0000000083700000|  0%| F|  |TAMS 0x0000000083600000, 0x0000000083600000| Untracked 
|  51|0x0000000083700000, 0x0000000083700000, 0x0000000083800000|  0%| F|  |TAMS 0x0000000083700000, 0x0000000083700000| Untracked 
|  52|0x0000000083800000, 0x0000000083800000, 0x0000000083900000|  0%| F|  |TAMS 0x0000000083800000, 0x0000000083800000| Untracked 
|  53|0x0000000083900000, 0x0000000083900000, 0x0000000083a00000|  0%| F|  |TAMS 0x0000000083900000, 0x0000000083900000| Untracked 
|  54|0x0000000083a00000, 0x0000000083a00000, 0x0000000083b00000|  0%| F|  |TAMS 0x0000000083a00000, 0x0000000083a00000| Untracked 
|  55|0x0000000083b00000, 0x0000000083b00000, 0x0000000083c00000|  0%| F|  |TAMS 0x0000000083b00000, 0x0000000083b00000| Untracked 
|  56|0x0000000083c00000, 0x0000000083c00000, 0x0000000083d00000|  0%| F|  |TAMS 0x0000000083c00000, 0x0000000083c00000| Untracked 
|  57|0x0000000083d00000, 0x0000000083d00000, 0x0000000083e00000|  0%| F|  |TAMS 0x0000000083d00000, 0x0000000083d00000| Untracked 
|  58|0x0000000083e00000, 0x0000000083e00000, 0x0000000083f00000|  0%| F|  |TAMS 0x0000000083e00000, 0x0000000083e00000| Untracked 
|  59|0x0000000083f00000, 0x0000000083f00000, 0x0000000084000000|  0%| F|  |TAMS 0x0000000083f00000, 0x0000000083f00000| Untracked 
|  60|0x0000000084000000, 0x0000000084000000, 0x0000000084100000|  0%| F|  |TAMS 0x0000000084000000, 0x0000000084000000| Untracked 
|  61|0x0000000084100000, 0x0000000084100000, 0x0000000084200000|  0%| F|  |TAMS 0x0000000084100000, 0x0000000084100000| Untracked 
|  62|0x0000000084200000, 0x0000000084200000, 0x0000000084300000|  0%| F|  |TAMS 0x0000000084200000, 0x0000000084200000| Untracked 
|  63|0x0000000084300000, 0x0000000084300000, 0x0000000084400000|  0%| F|  |TAMS 0x0000000084300000, 0x0000000084300000| Untracked 
|  64|0x0000000084400000, 0x0000000084400000, 0x0000000084500000|  0%| F|  |TAMS 0x0000000084400000, 0x0000000084400000| Untracked 
|  65|0x0000000084500000, 0x0000000084500000, 0x0000000084600000|  0%| F|  |TAMS 0x0000000084500000, 0x0000000084500000| Untracked 
|  66|0x0000000084600000, 0x0000000084600000, 0x0000000084700000|  0%| F|  |TAMS 0x0000000084600000, 0x0000000084600000| Untracked 
|  67|0x0000000084700000, 0x0000000084700000, 0x0000000084800000|  0%| F|  |TAMS 0x0000000084700000, 0x0000000084700000| Untracked 
|  68|0x0000000084800000, 0x0000000084800000, 0x0000000084900000|  0%| F|  |TAMS 0x0000000084800000, 0x0000000084800000| Untracked 
|  69|0x0000000084900000, 0x0000000084900000, 0x0000000084a00000|  0%| F|  |TAMS 0x0000000084900000, 0x0000000084900000| Untracked 
|  70|0x0000000084a00000, 0x0000000084a00000, 0x0000000084b00000|  0%| F|  |TAMS 0x0000000084a00000, 0x0000000084a00000| Untracked 
|  71|0x0000000084b00000, 0x0000000084b00000, 0x0000000084c00000|  0%| F|  |TAMS 0x0000000084b00000, 0x0000000084b00000| Untracked 
|  72|0x0000000084c00000, 0x0000000084c00000, 0x0000000084d00000|  0%| F|  |TAMS 0x0000000084c00000, 0x0000000084c00000| Untracked 
|  73|0x0000000084d00000, 0x0000000084d00000, 0x0000000084e00000|  0%| F|  |TAMS 0x0000000084d00000, 0x0000000084d00000| Untracked 
|  74|0x0000000084e00000, 0x0000000084e00000, 0x0000000084f00000|  0%| F|  |TAMS 0x0000000084e00000, 0x0000000084e00000| Untracked 
|  75|0x0000000084f00000, 0x0000000084f00000, 0x0000000085000000|  0%| F|  |TAMS 0x0000000084f00000, 0x0000000084f00000| Untracked 
|  76|0x0000000085000000, 0x0000000085000000, 0x0000000085100000|  0%| F|  |TAMS 0x0000000085000000, 0x0000000085000000| Untracked 
|  77|0x0000000085100000, 0x0000000085100000, 0x0000000085200000|  0%| F|  |TAMS 0x0000000085100000, 0x0000000085100000| Untracked 
|  78|0x0000000085200000, 0x0000000085200000, 0x0000000085300000|  0%| F|  |TAMS 0x0000000085200000, 0x0000000085200000| Untracked 
|  79|0x0000000085300000, 0x0000000085300000, 0x0000000085400000|  0%| F|  |TAMS 0x0000000085300000, 0x0000000085300000| Untracked 
|  80|0x0000000085400000, 0x0000000085400000, 0x0000000085500000|  0%| F|  |TAMS 0x0000000085400000, 0x0000000085400000| Untracked 
|  81|0x0000000085500000, 0x0000000085500000, 0x0000000085600000|  0%| F|  |TAMS 0x0000000085500000, 0x0000000085500000| Untracked 
|  82|0x0000000085600000, 0x0000000085600000, 0x0000000085700000|  0%| F|  |TAMS 0x0000000085600000, 0x0000000085600000| Untracked 
|  83|0x0000000085700000, 0x0000000085700000, 0x0000000085800000|  0%| F|  |TAMS 0x0000000085700000, 0x0000000085700000| Untracked 
|  84|0x0000000085800000, 0x0000000085800000, 0x0000000085900000|  0%| F|  |TAMS 0x0000000085800000, 0x0000000085800000| Untracked 
|  85|0x0000000085900000, 0x0000000085900000, 0x0000000085a00000|  0%| F|  |TAMS 0x0000000085900000, 0x0000000085900000| Untracked 
|  86|0x0000000085a00000, 0x0000000085a00000, 0x0000000085b00000|  0%| F|  |TAMS 0x0000000085a00000, 0x0000000085a00000| Untracked 
|  87|0x0000000085b00000, 0x0000000085b00000, 0x0000000085c00000|  0%| F|  |TAMS 0x0000000085b00000, 0x0000000085b00000| Untracked 
|  88|0x0000000085c00000, 0x0000000085c00000, 0x0000000085d00000|  0%| F|  |TAMS 0x0000000085c00000, 0x0000000085c00000| Untracked 
|  89|0x0000000085d00000, 0x0000000085d00000, 0x0000000085e00000|  0%| F|  |TAMS 0x0000000085d00000, 0x0000000085d00000| Untracked 
|  90|0x0000000085e00000, 0x0000000085e00000, 0x0000000085f00000|  0%| F|  |TAMS 0x0000000085e00000, 0x0000000085e00000| Untracked 
|  91|0x0000000085f00000, 0x0000000085f00000, 0x0000000086000000|  0%| F|  |TAMS 0x0000000085f00000, 0x0000000085f00000| Untracked 
|  92|0x0000000086000000, 0x0000000086000000, 0x0000000086100000|  0%| F|  |TAMS 0x0000000086000000, 0x0000000086000000| Untracked 
|  93|0x0000000086100000, 0x0000000086100000, 0x0000000086200000|  0%| F|  |TAMS 0x0000000086100000, 0x0000000086100000| Untracked 
|  94|0x0000000086200000, 0x0000000086200000, 0x0000000086300000|  0%| F|  |TAMS 0x0000000086200000, 0x0000000086200000| Untracked 
|  95|0x0000000086300000, 0x0000000086300000, 0x0000000086400000|  0%| F|  |TAMS 0x0000000086300000, 0x0000000086300000| Untracked 
|  96|0x0000000086400000, 0x0000000086400000, 0x0000000086500000|  0%| F|  |TAMS 0x0000000086400000, 0x0000000086400000| Untracked 
|  97|0x0000000086500000, 0x0000000086500000, 0x0000000086600000|  0%| F|  |TAMS 0x0000000086500000, 0x0000000086500000| Untracked 
|  98|0x0000000086600000, 0x0000000086600000, 0x0000000086700000|  0%| F|  |TAMS 0x0000000086600000, 0x0000000086600000| Untracked 
|  99|0x0000000086700000, 0x0000000086700000, 0x0000000086800000|  0%| F|  |TAMS 0x0000000086700000, 0x0000000086700000| Untracked 
| 100|0x0000000086800000, 0x0000000086800000, 0x0000000086900000|  0%| F|  |TAMS 0x0000000086800000, 0x0000000086800000| Untracked 
| 101|0x0000000086900000, 0x0000000086900000, 0x0000000086a00000|  0%| F|  |TAMS 0x0000000086900000, 0x0000000086900000| Untracked 
| 102|0x0000000086a00000, 0x0000000086a00000, 0x0000000086b00000|  0%| F|  |TAMS 0x0000000086a00000, 0x0000000086a00000| Untracked 
| 103|0x0000000086b00000, 0x0000000086b00000, 0x0000000086c00000|  0%| F|  |TAMS 0x0000000086b00000, 0x0000000086b00000| Untracked 
| 104|0x0000000086c00000, 0x0000000086c00000, 0x0000000086d00000|  0%| F|  |TAMS 0x0000000086c00000, 0x0000000086c00000| Untracked 
| 105|0x0000000086d00000, 0x0000000086d00000, 0x0000000086e00000|  0%| F|  |TAMS 0x0000000086d00000, 0x0000000086d00000| Untracked 
| 106|0x0000000086e00000, 0x0000000086e00000, 0x0000000086f00000|  0%| F|  |TAMS 0x0000000086e00000, 0x0000000086e00000| Untracked 
| 107|0x0000000086f00000, 0x0000000086f00000, 0x0000000087000000|  0%| F|  |TAMS 0x0000000086f00000, 0x0000000086f00000| Untracked 
| 108|0x0000000087000000, 0x0000000087000000, 0x0000000087100000|  0%| F|  |TAMS 0x0000000087000000, 0x0000000087000000| Untracked 
| 109|0x0000000087100000, 0x0000000087100000, 0x0000000087200000|  0%| F|  |TAMS 0x0000000087100000, 0x0000000087100000| Untracked 
| 110|0x0000000087200000, 0x0000000087200000, 0x0000000087300000|  0%| F|  |TAMS 0x0000000087200000, 0x0000000087200000| Untracked 
| 111|0x0000000087300000, 0x0000000087300000, 0x0000000087400000|  0%| F|  |TAMS 0x0000000087300000, 0x0000000087300000| Untracked 
| 112|0x0000000087400000, 0x0000000087400000, 0x0000000087500000|  0%| F|  |TAMS 0x0000000087400000, 0x0000000087400000| Untracked 
| 113|0x0000000087500000, 0x0000000087500000, 0x0000000087600000|  0%| F|  |TAMS 0x0000000087500000, 0x0000000087500000| Untracked 
| 114|0x0000000087600000, 0x0000000087600000, 0x0000000087700000|  0%| F|  |TAMS 0x0000000087600000, 0x0000000087600000| Untracked 
| 115|0x0000000087700000, 0x0000000087700000, 0x0000000087800000|  0%| F|  |TAMS 0x0000000087700000, 0x0000000087700000| Untracked 
| 116|0x0000000087800000, 0x0000000087800000, 0x0000000087900000|  0%| F|  |TAMS 0x0000000087800000, 0x0000000087800000| Untracked 
| 117|0x0000000087900000, 0x0000000087900000, 0x0000000087a00000|  0%| F|  |TAMS 0x0000000087900000, 0x0000000087900000| Untracked 
| 118|0x0000000087a00000, 0x0000000087a00000, 0x0000000087b00000|  0%| F|  |TAMS 0x0000000087a00000, 0x0000000087a00000| Untracked 
| 119|0x0000000087b00000, 0x0000000087b00000, 0x0000000087c00000|  0%| F|  |TAMS 0x0000000087b00000, 0x0000000087b00000| Untracked 
| 120|0x0000000087c00000, 0x0000000087c00000, 0x0000000087d00000|  0%| F|  |TAMS 0x0000000087c00000, 0x0000000087c00000| Untracked 
| 121|0x0000000087d00000, 0x0000000087d00000, 0x0000000087e00000|  0%| F|  |TAMS 0x0000000087d00000, 0x0000000087d00000| Untracked 
| 122|0x0000000087e00000, 0x0000000087e00000, 0x0000000087f00000|  0%| F|  |TAMS 0x0000000087e00000, 0x0000000087e00000| Untracked 
| 123|0x0000000087f00000, 0x0000000087f00000, 0x0000000088000000|  0%| F|  |TAMS 0x0000000087f00000, 0x0000000087f00000| Untracked 
| 124|0x0000000088000000, 0x0000000088000000, 0x0000000088100000|  0%| F|  |TAMS 0x0000000088000000, 0x0000000088000000| Untracked 
| 125|0x0000000088100000, 0x0000000088100000, 0x0000000088200000|  0%| F|  |TAMS 0x0000000088100000, 0x0000000088100000| Untracked 
| 126|0x0000000088200000, 0x0000000088300000, 0x0000000088300000|100%| E|  |TAMS 0x0000000088200000, 0x0000000088200000| Complete 
| 127|0x0000000088300000, 0x0000000088400000, 0x0000000088400000|100%| E|CS|TAMS 0x0000000088300000, 0x0000000088300000| Complete 

Card table byte_map: [0x000001aac97c0000,0x000001aac9bc0000] _byte_map_base: 0x000001aac93be000

Marking Bits (Prev, Next): (CMBitMap*) 0x000001aab2ade900, (CMBitMap*) 0x000001aab2ade940
 Prev Bits: [0x000001aac9fc0000, 0x000001aacbfb0000)
 Next Bits: [0x000001aacbfb0000, 0x000001aacdfa0000)

Polling page: 0x000001aab0a90000

Metaspace:

Usage:
  Non-class:    783.80 KB used.
      Class:     91.78 KB used.
       Both:    875.58 KB used.

Virtual space:
  Non-class space:       64.00 MB reserved,     832.00 KB (  1%) committed,  1 nodes.
      Class space:        1.00 GB reserved,     192.00 KB ( <1%) committed,  1 nodes.
             Both:        1.06 GB reserved,       1.00 MB ( <1%) committed. 

Chunk freelists:
   Non-Class:  3.98 MB
       Class:  3.73 MB
        Both:  7.71 MB

MaxMetaspaceSize: unlimited
CompressedClassSpaceSize: 1.00 GB
Initial GC threshold: 21.00 MB
Current GC threshold: 21.00 MB
CDS: on
MetaspaceReclaimPolicy: balanced
 - commit_granule_bytes: 65536.
 - commit_granule_words: 8192.
 - virtual_space_node_default_size: 8388608.
 - enlarge_chunks_in_place: 1.
 - new_chunks_are_fully_committed: 0.
 - uncommit_free_chunks: 1.
 - use_allocation_guard: 0.


Internal statistics:

num_allocs_failed_limit: 0.
num_arena_births: 8.
num_arena_deaths: 0.
num_vsnodes_births: 2.
num_vsnodes_deaths: 0.
num_space_committed: 16.
num_space_uncommitted: 0.
num_chunks_returned_to_freelist: 0.
num_chunks_taken_from_freelist: 12.
num_chunk_merges: 0.
num_chunk_splits: 6.
num_chunks_enlarged: 2.
num_inconsistent_stats: 0.

CodeHeap 'non-profiled nmethods': size=120000Kb used=22Kb max_used=22Kb free=119977Kb
 bounds [0x000001aac1e90000, 0x000001aac2100000, 0x000001aac93c0000]
CodeHeap 'profiled nmethods': size=120000Kb used=45Kb max_used=45Kb free=119954Kb
 bounds [0x000001aaba960000, 0x000001aababd0000, 0x000001aac1e90000]
CodeHeap 'non-nmethods': size=5760Kb used=1096Kb max_used=1096Kb free=4663Kb
 bounds [0x000001aaba3c0000, 0x000001aaba630000, 0x000001aaba960000]
 total_blobs=419 nmethods=61 adapters=280
 compilation: enabled
              stopped_count=0, restarted_count=0
 full_count=0

Compilation events (20 events):
Event: 0.046 Thread 0x000001aad04206e0 nmethod 13 0x000001aaba964290 code [0x000001aaba964440, 0x000001aaba964628]
Event: 0.046 Thread 0x000001aad04206e0   14       3       java.lang.module.ModuleDescriptor$Exports::<init> (20 bytes)
Event: 0.046 Thread 0x000001aad04206e0 nmethod 14 0x000001aaba964710 code [0x000001aaba9648c0, 0x000001aaba964b38]
Event: 0.046 Thread 0x000001aad04206e0   15       3       java.util.ImmutableCollections$SetN::iterator (9 bytes)
Event: 0.046 Thread 0x000001aad04206e0 nmethod 15 0x000001aaba964c10 code [0x000001aaba964dc0, 0x000001aaba964f68]
Event: 0.046 Thread 0x000001aad04206e0   18       3       java.util.AbstractCollection::<init> (5 bytes)
Event: 0.047 Thread 0x000001aad04206e0 nmethod 18 0x000001aaba965010 code [0x000001aaba9651a0, 0x000001aaba9652f8]
Event: 0.047 Thread 0x000001aad04206e0   19       3       java.util.ImmutableCollections$AbstractImmutableCollection::<init> (5 bytes)
Event: 0.047 Thread 0x000001aad04206e0 nmethod 19 0x000001aaba965390 code [0x000001aaba965540, 0x000001aaba9656f8]
Event: 0.047 Thread 0x000001aad04206e0   20       3       java.util.ImmutableCollections$AbstractImmutableSet::<init> (5 bytes)
Event: 0.047 Thread 0x000001aad04206e0 nmethod 20 0x000001aaba965810 code [0x000001aaba9659c0, 0x000001aaba965bf8]
Event: 0.047 Thread 0x000001aad04206e0   21       3       java.lang.module.ModuleDescriptor::modsHashCode (46 bytes)
Event: 0.047 Thread 0x000001aad04206e0 nmethod 21 0x000001aaba965d10 code [0x000001aaba965f00, 0x000001aaba966518]
Event: 0.048 Thread 0x000001aad04206e0   22       3       java.util.Set::of (68 bytes)
Event: 0.048 Thread 0x000001aad04206e0 nmethod 22 0x000001aaba966710 code [0x000001aaba966940, 0x000001aaba967168]
Event: 0.048 Thread 0x000001aad04206e0   23       3       java.lang.String::coder (15 bytes)
Event: 0.048 Thread 0x000001aad04206e0 nmethod 23 0x000001aaba967410 code [0x000001aaba9675a0, 0x000001aaba9676d8]
Event: 0.048 Thread 0x000001aad04206e0   24       3       java.lang.String::length (11 bytes)
Event: 0.049 Thread 0x000001aad04206e0 nmethod 24 0x000001aaba967790 code [0x000001aaba967920, 0x000001aaba967ab8]
Event: 0.049 Thread 0x000001aad04206e0   25       1       java.lang.module.ModuleDescriptor::name (5 bytes)

GC Heap History (0 events):
No events

Deoptimization events (0 events):
No events

Classes loaded (0 events):
No events

Classes unloaded (0 events):
No events

Classes redefined (0 events):
No events

Internal exceptions (0 events):
No events

VM Operations (0 events):
No events

Events (12 events):
Event: 0.008 Loaded shared library E:\javajdk\bin\java.dll
Event: 0.019 Loaded shared library E:\javajdk\bin\jsvml.dll
Event: 0.019 Thread 0x000001aab2a7dbd0 Thread added: 0x000001aab2a7dbd0
Event: 0.023 Thread 0x000001aad03fa4a0 Thread added: 0x000001aad03fa4a0
Event: 0.023 Thread 0x000001aad03fc020 Thread added: 0x000001aad03fc020
Event: 0.036 Thread 0x000001aad04186e0 Thread added: 0x000001aad04186e0
Event: 0.036 Thread 0x000001aad0418f90 Thread added: 0x000001aad0418f90
Event: 0.037 Thread 0x000001aad0419840 Thread added: 0x000001aad0419840
Event: 0.037 Thread 0x000001aad041a0f0 Thread added: 0x000001aad041a0f0
Event: 0.037 Thread 0x000001aad041e1d0 Thread added: 0x000001aad041e1d0
Event: 0.037 Thread 0x000001aad04206e0 Thread added: 0x000001aad04206e0
Event: 0.037 Thread 0x000001aad043abe0 Thread added: 0x000001aad043abe0


Dynamic libraries:
0x00007ff660be0000 - 0x00007ff660bf0000 	E:\javajdk\bin\java.exe
0x00007ffec8990000 - 0x00007ffec8b88000 	C:\Windows\SYSTEM32\ntdll.dll
0x00007ffec6af0000 - 0x00007ffec6bad000 	C:\Windows\System32\KERNEL32.DLL
0x00007ffec6590000 - 0x00007ffec685e000 	C:\Windows\System32\KERNELBASE.dll
0x00007ffec60b0000 - 0x00007ffec61b0000 	C:\Windows\System32\ucrtbase.dll
0x00007ffeb3640000 - 0x00007ffeb365a000 	E:\javajdk\bin\VCRUNTIME140.dll
0x00007ffeb1ad0000 - 0x00007ffeb1ae8000 	E:\javajdk\bin\jli.dll
0x00007ffec7a60000 - 0x00007ffec7b0e000 	C:\Windows\System32\ADVAPI32.dll
0x00007ffec6a50000 - 0x00007ffec6aee000 	C:\Windows\System32\msvcrt.dll
0x00007ffec7400000 - 0x00007ffec749c000 	C:\Windows\System32\sechost.dll
0x00007ffec74a0000 - 0x00007ffec75c5000 	C:\Windows\System32\RPCRT4.dll
0x00007ffec8700000 - 0x00007ffec88a0000 	C:\Windows\System32\USER32.dll
0x00007ffec6560000 - 0x00007ffec6582000 	C:\Windows\System32\win32u.dll
0x00007ffec6d20000 - 0x00007ffec6d4a000 	C:\Windows\System32\GDI32.dll
0x00007ffec61b0000 - 0x00007ffec62bb000 	C:\Windows\System32\gdi32full.dll
0x00007ffec64c0000 - 0x00007ffec655d000 	C:\Windows\System32\msvcp_win.dll
0x00007ffeaf4a0000 - 0x00007ffeaf73a000 	C:\Windows\WinSxS\amd64_microsoft.windows.common-controls_6595b64144ccf1df_6.0.19041.1110_none_60b5254171f9507e\COMCTL32.dll
0x00007ffebf490000 - 0x00007ffebf49a000 	C:\Windows\SYSTEM32\VERSION.dll
0x00007ffec78a0000 - 0x00007ffec78d0000 	C:\Windows\System32\IMM32.DLL
0x00007ffeb5e20000 - 0x00007ffeb5e2c000 	E:\javajdk\bin\vcruntime140_1.dll
0x00007ffe79cb0000 - 0x00007ffe79d3d000 	E:\javajdk\bin\msvcp140.dll
0x00007ffe79ff0000 - 0x00007ffe7ac00000 	E:\javajdk\bin\server\jvm.dll
0x00007ffec6bb0000 - 0x00007ffec6bb8000 	C:\Windows\System32\PSAPI.DLL
0x00007ffead460000 - 0x00007ffead469000 	C:\Windows\SYSTEM32\WSOCK32.dll
0x00007ffec79f0000 - 0x00007ffec7a5b000 	C:\Windows\System32\WS2_32.dll
0x00007ffebbae0000 - 0x00007ffebbb07000 	C:\Windows\SYSTEM32\WINMM.dll
0x00007ffec3fc0000 - 0x00007ffec3fd2000 	C:\Windows\SYSTEM32\kernel.appcore.dll
0x00007ffeb4c10000 - 0x00007ffeb4c1a000 	E:\javajdk\bin\jimage.dll
0x00007ffeb7480000 - 0x00007ffeb7664000 	C:\Windows\SYSTEM32\DBGHELP.DLL
0x00007ffea2ae0000 - 0x00007ffea2b0c000 	C:\Windows\SYSTEM32\dbgcore.DLL
0x00007ffec6330000 - 0x00007ffec63b2000 	C:\Windows\System32\bcryptPrimitives.dll
0x00007ffe957c0000 - 0x00007ffe957e5000 	E:\javajdk\bin\java.dll
0x00007ffe79ed0000 - 0x00007ffe79fa6000 	E:\javajdk\bin\jsvml.dll
0x00007ffec7b10000 - 0x00007ffec8253000 	C:\Windows\System32\SHELL32.dll
0x00007ffec41c0000 - 0x00007ffec4955000 	C:\Windows\SYSTEM32\windows.storage.dll
0x00007ffec8260000 - 0x00007ffec85b4000 	C:\Windows\System32\combase.dll
0x00007ffec5b10000 - 0x00007ffec5b40000 	C:\Windows\SYSTEM32\Wldp.dll
0x00007ffec88a0000 - 0x00007ffec894d000 	C:\Windows\System32\SHCORE.dll
0x00007ffec69f0000 - 0x00007ffec6a45000 	C:\Windows\System32\shlwapi.dll
0x00007ffec5ff0000 - 0x00007ffec600f000 	C:\Windows\SYSTEM32\profapi.dll
0x00007ffeb3620000 - 0x00007ffeb3633000 	E:\javajdk\bin\net.dll
0x00007ffebb3b0000 - 0x00007ffebb4ba000 	C:\Windows\SYSTEM32\WINHTTP.dll
0x00007ffec5870000 - 0x00007ffec58da000 	C:\Windows\system32\mswsock.dll
0x00007ffea5110000 - 0x00007ffea5126000 	E:\javajdk\bin\nio.dll

dbghelp: loaded successfully - version: 4.0.5 - missing functions: none
symbol engine: initialized successfully - sym options: 0x614 - pdb path: .;E:\javajdk\bin;C:\Windows\SYSTEM32;C:\Windows\WinSxS\amd64_microsoft.windows.common-controls_6595b64144ccf1df_6.0.19041.1110_none_60b5254171f9507e;E:\javajdk\bin\server

VM Arguments:
jvm_args: -Dfile.encoding=UTF-8 --module-path=C:\Users\Nekhross\Documents\NetBeansProjects\App_proyectoVinculacion\build\classes 
java_command: app_proyectovinculacion.interfaz_intervenciones
java_class_path (initial): C:\Users\Nekhross\Documents\NetBeansProjects\App_proyectoVinculacion\build\classes
Launcher Type: SUN_STANDARD

[Global flags]
     intx CICompilerCount                          = 3                                         {product} {ergonomic}
     uint ConcGCThreads                            = 1                                         {product} {ergonomic}
     uint G1ConcRefinementThreads                  = 4                                         {product} {ergonomic}
   size_t G1HeapRegionSize                         = 1048576                                   {product} {ergonomic}
    uintx GCDrainStackTargetSize                   = 64                                        {product} {ergonomic}
   size_t InitialHeapSize                          = 134217728                                 {product} {ergonomic}
   size_t MarkStackSize                            = 4194304                                   {product} {ergonomic}
   size_t MaxHeapSize                              = 2143289344                                {product} {ergonomic}
   size_t MaxNewSize                               = 1285554176                                {product} {ergonomic}
   size_t MinHeapDeltaBytes                        = 1048576                                   {product} {ergonomic}
   size_t MinHeapSize                              = 8388608                                   {product} {ergonomic}
    uintx NonNMethodCodeHeapSize                   = 5832780                                {pd product} {ergonomic}
    uintx NonProfiledCodeHeapSize                  = 122912730                              {pd product} {ergonomic}
    uintx ProfiledCodeHeapSize                     = 122912730                              {pd product} {ergonomic}
    uintx ReservedCodeCacheSize                    = 251658240                              {pd product} {ergonomic}
     bool SegmentedCodeCache                       = true                                      {product} {ergonomic}
   size_t SoftMaxHeapSize                          = 2143289344                             {manageable} {ergonomic}
     bool UseCompressedClassPointers               = true                           {product lp64_product} {ergonomic}
     bool UseCompressedOops                        = true                           {product lp64_product} {ergonomic}
     bool UseG1GC                                  = true                                      {product} {ergonomic}
     bool UseLargePagesIndividualAllocation        = false                                  {pd product} {ergonomic}

Logging:
Log output configuration:
 #0: stdout all=warning uptime,level,tags foldmultilines=false
 #1: stderr all=off uptime,level,tags foldmultilines=false

Environment Variables:
PATH=C:\Program Files\Common Files\Oracle\Java\javapath;C:\Program Files (x86)\Common Files\Oracle\Java\javapath;C:\Windows\system32;C:\Windows;C:\Windows\System32\Wbem;C:\Windows\System32\WindowsPowerShell\v1.0\;C:\Windows\System32\OpenSSH\;C:\Program Files (x86)\NVIDIA Corporation\PhysX\Common;C:\Program Files\NVIDIA Corporation\NVIDIA NvDLISR;C:\Users\Nekhross\AppData\Local\Microsoft\WindowsApps;
USERNAME=Nekhross
OS=Windows_NT
PROCESSOR_IDENTIFIER=Intel64 Family 6 Model 42 Stepping 7, GenuineIntel



---------------  S Y S T E M  ---------------

OS:
 Windows 10 , 64 bit Build 19041 (10.0.19041.1889)
OS uptime: 0 days 4:55 hours

CPU: total 4 (initial active 4) (4 cores per cpu, 1 threads per core) family 6 model 42 stepping 7 microcode 0x2f, cx8, cmov, fxsr, mmx, sse, sse2, sse3, ssse3, sse4.1, sse4.2, popcnt, tsc, tscinvbit, avx, aes, clmul, vzeroupper, clflush

Memory: 4k page, system-wide physical 8174M (1108M free)
TotalPageFile size 12270M (AvailPageFile size 0M)
current process WorkingSet (physical memory assigned to process): 30M, peak: 30M
current process commit charge ("private bytes"): 202M, peak: 202M

vm_info: Java HotSpot(TM) 64-Bit Server VM (18.0.1.1+2-6) for windows-amd64 JRE (18.0.1.1+2-6), built on Apr 25 2022 21:53:15 by "mach5one" with MS VC++ 16.8 / 16.9 (VS2019)

END.
