#
# There is insufficient memory for the Java Runtime Environment to continue.
# Native memory allocation (malloc) failed to allocate 32744 bytes for Chunk::new
# Possible reasons:
#   The system is out of physical RAM or swap space
#   The process is running with CompressedOops enabled, and the Java Heap may be blocking the growth of the native heap
# Possible solutions:
#   Reduce memory load on the system
#   Increase physical memory or swap space
#   Check if swap backing store is full
#   Decrease Java heap size (-Xmx/-Xms)
#   Decrease number of Java threads
#   Decrease Java thread stack sizes (-Xss)
#   Set larger code cache with -XX:ReservedCodeCacheSize=
#   JVM is running with Unscaled Compressed Oops mode in which the Java heap is
#     placed in the first 4GB address space. The Java Heap base address is the
#     maximum limit for the native heap growth. Please use -XX:HeapBaseMinAddress
#     to set the Java Heap base and to place the Java Heap above 4GB virtual address.
# This output file may be truncated or incomplete.
#
#  Out of Memory Error (arena.cpp:184), pid=6084, tid=7692
#
# JRE version: Java(TM) SE Runtime Environment (18.0.1.1+2) (build 18.0.1.1+2-6)
# Java VM: Java HotSpot(TM) 64-Bit Server VM (18.0.1.1+2-6, mixed mode, tiered, compressed oops, compressed class ptrs, g1 gc, windows-amd64)
# No core dump will be written. Minidumps are not enabled by default on client versions of Windows
#

---------------  S U M M A R Y ------------

Command Line: -Dfile.encoding=UTF-8 --module-path=C:\Users\Nekhross\Documents\NetBeansProjects\App_proyectoVinculacion\build\classes app_proyectovinculacion.Interfaz_registro

Host: Intel(R) Core(TM) i5-2300 CPU @ 2.80GHz, 4 cores, 7G,  Windows 10 , 64 bit Build 19041 (10.0.19041.1889)
Time: Tue Sep  6 16:48:22 2022 Hora est. Pacífico, Sudamérica elapsed time: 0.551165 seconds (0d 0h 0m 0s)

---------------  T H R E A D  ---------------

Current thread (0x0000017a98a517c0):  JavaThread "C1 CompilerThread0" daemon [_thread_in_native, id=7692, stack(0x000000567ac00000,0x000000567ad00000)]


Current CompileTask:
C1:    551  311       3       jdk.internal.org.objectweb.asm.Frame::execute (2305 bytes)

Stack: [0x000000567ac00000,0x000000567ad00000]
Native frames: (J=compiled Java code, j=interpreted, Vv=VM code, C=native code)
V  [jvm.dll+0x69887a]
V  [jvm.dll+0x7f38bd]
V  [jvm.dll+0x7f51ce]
V  [jvm.dll+0x7f5883]
V  [jvm.dll+0x25ca3f]
V  [jvm.dll+0xb8c2f]
V  [jvm.dll+0xb8fa5]
V  [jvm.dll+0x18cfc2]
V  [jvm.dll+0x18f661]
V  [jvm.dll+0x148df3]
V  [jvm.dll+0x1486cf]
V  [jvm.dll+0x148926]
V  [jvm.dll+0x147d9a]
V  [jvm.dll+0x149a81]
V  [jvm.dll+0x23e8ca]
V  [jvm.dll+0x23cbb5]
V  [jvm.dll+0x7a5fb1]
V  [jvm.dll+0x7a03ea]
V  [jvm.dll+0x697725]
C  [ucrtbase.dll+0x21bb2]
C  [KERNEL32.DLL+0x17034]
C  [ntdll.dll+0x526a1]


---------------  P R O C E S S  ---------------

Threads class SMR info:
_java_thread_list=0x0000017a9ce03dd0, length=12, elements={
0x0000017afa34d980, 0x0000017a98a0e150, 0x0000017a98a0ef40, 0x0000017a98a43630,
0x0000017a98a43ee0, 0x0000017a98a44790, 0x0000017a98a45040, 0x0000017a98a4ed80,
0x0000017a98a517c0, 0x0000017a98a556f0, 0x0000017a9cca8bc0, 0x0000017a9d01e950
}

Java Threads: ( => current thread )
  0x0000017afa34d980 JavaThread "main" [_thread_in_vm, id=2880, stack(0x0000005679e00000,0x0000005679f00000)]
  0x0000017a98a0e150 JavaThread "Reference Handler" daemon [_thread_blocked, id=9332, stack(0x000000567a500000,0x000000567a600000)]
  0x0000017a98a0ef40 JavaThread "Finalizer" daemon [_thread_blocked, id=9128, stack(0x000000567a600000,0x000000567a700000)]
  0x0000017a98a43630 JavaThread "Signal Dispatcher" daemon [_thread_blocked, id=11752, stack(0x000000567a700000,0x000000567a800000)]
  0x0000017a98a43ee0 JavaThread "Attach Listener" daemon [_thread_blocked, id=11740, stack(0x000000567a800000,0x000000567a900000)]
  0x0000017a98a44790 JavaThread "Service Thread" daemon [_thread_blocked, id=8788, stack(0x000000567a900000,0x000000567aa00000)]
  0x0000017a98a45040 JavaThread "Monitor Deflation Thread" daemon [_thread_blocked, id=3312, stack(0x000000567aa00000,0x000000567ab00000)]
  0x0000017a98a4ed80 JavaThread "C2 CompilerThread0" daemon [_thread_blocked, id=1320, stack(0x000000567ab00000,0x000000567ac00000)]
=>0x0000017a98a517c0 JavaThread "C1 CompilerThread0" daemon [_thread_in_native, id=7692, stack(0x000000567ac00000,0x000000567ad00000)]
  0x0000017a98a556f0 JavaThread "Sweeper thread" daemon [_thread_blocked, id=8648, stack(0x000000567ad00000,0x000000567ae00000)]
  0x0000017a9cca8bc0 JavaThread "Common-Cleaner" daemon [_thread_blocked, id=2376, stack(0x000000567ae00000,0x000000567af00000)]
  0x0000017a9d01e950 JavaThread "Notification Thread" daemon [_thread_blocked, id=464, stack(0x000000567af00000,0x000000567b000000)]

Other Threads:
  0x0000017a989faa10 VMThread "VM Thread" [stack: 0x000000567a400000,0x000000567a500000] [id=9316]
  0x0000017a9ce72470 WatcherThread "VM Periodic Task Thread" [stack: 0x000000567b000000,0x000000567b100000] [id=11024]
  0x0000017afa3ad190 WorkerThread "GC Thread#0" [stack: 0x0000005679f00000,0x000000567a000000] [id=11852]
  0x0000017afa3bef60 ConcurrentGCThread "G1 Main Marker" [stack: 0x000000567a000000,0x000000567a100000] [id=8548]
  0x0000017afa3c1010 WorkerThread "G1 Conc#0" [stack: 0x000000567a100000,0x000000567a200000] [id=10320]
  0x0000017afa401850 ConcurrentGCThread "G1 Refine#0" [stack: 0x000000567a200000,0x000000567a300000] [id=6328]
  0x0000017afa402070 ConcurrentGCThread "G1 Service" [stack: 0x000000567a300000,0x000000567a400000] [id=6412]

Threads with active compile tasks:
C1 CompilerThread0      594  311       3       jdk.internal.org.objectweb.asm.Frame::execute (2305 bytes)

VM state: not at safepoint (normal execution)

VM Mutex/Monitor currently owned by a thread: None

Heap address: 0x0000000080400000, size: 2044 MB, Compressed Oops mode: 32-bit

CDS archive(s) not mapped
Compressed class space mapped at: 0x0000000100000000-0x0000000140000000, reserved size: 1073741824
Narrow klass base: 0x0000000000000000, Narrow klass shift: 3, Narrow klass range: 0x140000000

GC Precious Log:
 CardTable entry size: 512
 Card Set container configuration: InlinePtr #cards 5 size 8 Array Of Cards #cards 12 size 40 Howl #buckets 4 coarsen threshold 1843 Howl Bitmap #cards 512 size 80 coarsen threshold 460 Card regions per heap region 1 cards per card region 2048
 CPUs: 4 total, 4 available
 Memory: 8174M
 Large Page Support: Disabled
 NUMA Support: Disabled
 Compressed Oops: Enabled (32-bit)
 Heap Region Size: 1M
 Heap Min Capacity: 8M
 Heap Initial Capacity: 128M
 Heap Max Capacity: 2044M
 Pre-touch: Disabled
 Parallel Workers: 4
 Concurrent Workers: 1
 Concurrent Refinement Workers: 4
 Periodic GC: Disabled

Heap:
 garbage-first heap   total 131072K, used 2048K [0x0000000080400000, 0x0000000100000000)
  region size 1024K, 3 young (3072K), 0 survivors (0K)
 Metaspace       used 7578K, committed 7744K, reserved 1114112K
  class space    used 664K, committed 768K, reserved 1048576K

Heap Regions: E=young(eden), S=young(survivor), O=old, HS=humongous(starts), HC=humongous(continues), CS=collection set, F=free, OA=open archive, CA=closed archive, TAMS=top-at-mark-start (previous, next)
|   0|0x0000000080400000, 0x0000000080400000, 0x0000000080500000|  0%| F|  |TAMS 0x0000000080400000, 0x0000000080400000| Untracked 
|   1|0x0000000080500000, 0x0000000080500000, 0x0000000080600000|  0%| F|  |TAMS 0x0000000080500000, 0x0000000080500000| Untracked 
|   2|0x0000000080600000, 0x0000000080600000, 0x0000000080700000|  0%| F|  |TAMS 0x0000000080600000, 0x0000000080600000| Untracked 
|   3|0x0000000080700000, 0x0000000080700000, 0x0000000080800000|  0%| F|  |TAMS 0x0000000080700000, 0x0000000080700000| Untracked 
|   4|0x0000000080800000, 0x0000000080800000, 0x0000000080900000|  0%| F|  |TAMS 0x0000000080800000, 0x0000000080800000| Untracked 
|   5|0x0000000080900000, 0x0000000080900000, 0x0000000080a00000|  0%| F|  |TAMS 0x0000000080900000, 0x0000000080900000| Untracked 
|   6|0x0000000080a00000, 0x0000000080a00000, 0x0000000080b00000|  0%| F|  |TAMS 0x0000000080a00000, 0x0000000080a00000| Untracked 
|   7|0x0000000080b00000, 0x0000000080b00000, 0x0000000080c00000|  0%| F|  |TAMS 0x0000000080b00000, 0x0000000080b00000| Untracked 
|   8|0x0000000080c00000, 0x0000000080c00000, 0x0000000080d00000|  0%| F|  |TAMS 0x0000000080c00000, 0x0000000080c00000| Untracked 
|   9|0x0000000080d00000, 0x0000000080d00000, 0x0000000080e00000|  0%| F|  |TAMS 0x0000000080d00000, 0x0000000080d00000| Untracked 
|  10|0x0000000080e00000, 0x0000000080e00000, 0x0000000080f00000|  0%| F|  |TAMS 0x0000000080e00000, 0x0000000080e00000| Untracked 
|  11|0x0000000080f00000, 0x0000000080f00000, 0x0000000081000000|  0%| F|  |TAMS 0x0000000080f00000, 0x0000000080f00000| Untracked 
|  12|0x0000000081000000, 0x0000000081000000, 0x0000000081100000|  0%| F|  |TAMS 0x0000000081000000, 0x0000000081000000| Untracked 
|  13|0x0000000081100000, 0x0000000081100000, 0x0000000081200000|  0%| F|  |TAMS 0x0000000081100000, 0x0000000081100000| Untracked 
|  14|0x0000000081200000, 0x0000000081200000, 0x0000000081300000|  0%| F|  |TAMS 0x0000000081200000, 0x0000000081200000| Untracked 
|  15|0x0000000081300000, 0x0000000081300000, 0x0000000081400000|  0%| F|  |TAMS 0x0000000081300000, 0x0000000081300000| Untracked 
|  16|0x0000000081400000, 0x0000000081400000, 0x0000000081500000|  0%| F|  |TAMS 0x0000000081400000, 0x0000000081400000| Untracked 
|  17|0x0000000081500000, 0x0000000081500000, 0x0000000081600000|  0%| F|  |TAMS 0x0000000081500000, 0x0000000081500000| Untracked 
|  18|0x0000000081600000, 0x0000000081600000, 0x0000000081700000|  0%| F|  |TAMS 0x0000000081600000, 0x0000000081600000| Untracked 
|  19|0x0000000081700000, 0x0000000081700000, 0x0000000081800000|  0%| F|  |TAMS 0x0000000081700000, 0x0000000081700000| Untracked 
|  20|0x0000000081800000, 0x0000000081800000, 0x0000000081900000|  0%| F|  |TAMS 0x0000000081800000, 0x0000000081800000| Untracked 
|  21|0x0000000081900000, 0x0000000081900000, 0x0000000081a00000|  0%| F|  |TAMS 0x0000000081900000, 0x0000000081900000| Untracked 
|  22|0x0000000081a00000, 0x0000000081a00000, 0x0000000081b00000|  0%| F|  |TAMS 0x0000000081a00000, 0x0000000081a00000| Untracked 
|  23|0x0000000081b00000, 0x0000000081b00000, 0x0000000081c00000|  0%| F|  |TAMS 0x0000000081b00000, 0x0000000081b00000| Untracked 
|  24|0x0000000081c00000, 0x0000000081c00000, 0x0000000081d00000|  0%| F|  |TAMS 0x0000000081c00000, 0x0000000081c00000| Untracked 
|  25|0x0000000081d00000, 0x0000000081d00000, 0x0000000081e00000|  0%| F|  |TAMS 0x0000000081d00000, 0x0000000081d00000| Untracked 
|  26|0x0000000081e00000, 0x0000000081e00000, 0x0000000081f00000|  0%| F|  |TAMS 0x0000000081e00000, 0x0000000081e00000| Untracked 
|  27|0x0000000081f00000, 0x0000000081f00000, 0x0000000082000000|  0%| F|  |TAMS 0x0000000081f00000, 0x0000000081f00000| Untracked 
|  28|0x0000000082000000, 0x0000000082000000, 0x0000000082100000|  0%| F|  |TAMS 0x0000000082000000, 0x0000000082000000| Untracked 
|  29|0x0000000082100000, 0x0000000082100000, 0x0000000082200000|  0%| F|  |TAMS 0x0000000082100000, 0x0000000082100000| Untracked 
|  30|0x0000000082200000, 0x0000000082200000, 0x0000000082300000|  0%| F|  |TAMS 0x0000000082200000, 0x0000000082200000| Untracked 
|  31|0x0000000082300000, 0x0000000082300000, 0x0000000082400000|  0%| F|  |TAMS 0x0000000082300000, 0x0000000082300000| Untracked 
|  32|0x0000000082400000, 0x0000000082400000, 0x0000000082500000|  0%| F|  |TAMS 0x0000000082400000, 0x0000000082400000| Untracked 
|  33|0x0000000082500000, 0x0000000082500000, 0x0000000082600000|  0%| F|  |TAMS 0x0000000082500000, 0x0000000082500000| Untracked 
|  34|0x0000000082600000, 0x0000000082600000, 0x0000000082700000|  0%| F|  |TAMS 0x0000000082600000, 0x0000000082600000| Untracked 
|  35|0x0000000082700000, 0x0000000082700000, 0x0000000082800000|  0%| F|  |TAMS 0x0000000082700000, 0x0000000082700000| Untracked 
|  36|0x0000000082800000, 0x0000000082800000, 0x0000000082900000|  0%| F|  |TAMS 0x0000000082800000, 0x0000000082800000| Untracked 
|  37|0x0000000082900000, 0x0000000082900000, 0x0000000082a00000|  0%| F|  |TAMS 0x0000000082900000, 0x0000000082900000| Untracked 
|  38|0x0000000082a00000, 0x0000000082a00000, 0x0000000082b00000|  0%| F|  |TAMS 0x0000000082a00000, 0x0000000082a00000| Untracked 
|  39|0x0000000082b00000, 0x0000000082b00000, 0x0000000082c00000|  0%| F|  |TAMS 0x0000000082b00000, 0x0000000082b00000| Untracked 
|  40|0x0000000082c00000, 0x0000000082c00000, 0x0000000082d00000|  0%| F|  |TAMS 0x0000000082c00000, 0x0000000082c00000| Untracked 
|  41|0x0000000082d00000, 0x0000000082d00000, 0x0000000082e00000|  0%| F|  |TAMS 0x0000000082d00000, 0x0000000082d00000| Untracked 
|  42|0x0000000082e00000, 0x0000000082e00000, 0x0000000082f00000|  0%| F|  |TAMS 0x0000000082e00000, 0x0000000082e00000| Untracked 
|  43|0x0000000082f00000, 0x0000000082f00000, 0x0000000083000000|  0%| F|  |TAMS 0x0000000082f00000, 0x0000000082f00000| Untracked 
|  44|0x0000000083000000, 0x0000000083000000, 0x0000000083100000|  0%| F|  |TAMS 0x0000000083000000, 0x0000000083000000| Untracked 
|  45|0x0000000083100000, 0x0000000083100000, 0x0000000083200000|  0%| F|  |TAMS 0x0000000083100000, 0x0000000083100000| Untracked 
|  46|0x0000000083200000, 0x0000000083200000, 0x0000000083300000|  0%| F|  |TAMS 0x0000000083200000, 0x0000000083200000| Untracked 
|  47|0x0000000083300000, 0x0000000083300000, 0x0000000083400000|  0%| F|  |TAMS 0x0000000083300000, 0x0000000083300000| Untracked 
|  48|0x0000000083400000, 0x0000000083400000, 0x0000000083500000|  0%| F|  |TAMS 0x0000000083400000, 0x0000000083400000| Untracked 
|  49|0x0000000083500000, 0x0000000083500000, 0x0000000083600000|  0%| F|  |TAMS 0x0000000083500000, 0x0000000083500000| Untracked 
|  50|0x0000000083600000, 0x0000000083600000, 0x0000000083700000|  0%| F|  |TAMS 0x0000000083600000, 0x0000000083600000| Untracked 
|  51|0x0000000083700000, 0x0000000083700000, 0x0000000083800000|  0%| F|  |TAMS 0x0000000083700000, 0x0000000083700000| Untracked 
|  52|0x0000000083800000, 0x0000000083800000, 0x0000000083900000|  0%| F|  |TAMS 0x0000000083800000, 0x0000000083800000| Untracked 
|  53|0x0000000083900000, 0x0000000083900000, 0x0000000083a00000|  0%| F|  |TAMS 0x0000000083900000, 0x0000000083900000| Untracked 
|  54|0x0000000083a00000, 0x0000000083a00000, 0x0000000083b00000|  0%| F|  |TAMS 0x0000000083a00000, 0x0000000083a00000| Untracked 
|  55|0x0000000083b00000, 0x0000000083b00000, 0x0000000083c00000|  0%| F|  |TAMS 0x0000000083b00000, 0x0000000083b00000| Untracked 
|  56|0x0000000083c00000, 0x0000000083c00000, 0x0000000083d00000|  0%| F|  |TAMS 0x0000000083c00000, 0x0000000083c00000| Untracked 
|  57|0x0000000083d00000, 0x0000000083d00000, 0x0000000083e00000|  0%| F|  |TAMS 0x0000000083d00000, 0x0000000083d00000| Untracked 
|  58|0x0000000083e00000, 0x0000000083e00000, 0x0000000083f00000|  0%| F|  |TAMS 0x0000000083e00000, 0x0000000083e00000| Untracked 
|  59|0x0000000083f00000, 0x0000000083f00000, 0x0000000084000000|  0%| F|  |TAMS 0x0000000083f00000, 0x0000000083f00000| Untracked 
|  60|0x0000000084000000, 0x0000000084000000, 0x0000000084100000|  0%| F|  |TAMS 0x0000000084000000, 0x0000000084000000| Untracked 
|  61|0x0000000084100000, 0x0000000084100000, 0x0000000084200000|  0%| F|  |TAMS 0x0000000084100000, 0x0000000084100000| Untracked 
|  62|0x0000000084200000, 0x0000000084200000, 0x0000000084300000|  0%| F|  |TAMS 0x0000000084200000, 0x0000000084200000| Untracked 
|  63|0x0000000084300000, 0x0000000084300000, 0x0000000084400000|  0%| F|  |TAMS 0x0000000084300000, 0x0000000084300000| Untracked 
|  64|0x0000000084400000, 0x0000000084400000, 0x0000000084500000|  0%| F|  |TAMS 0x0000000084400000, 0x0000000084400000| Untracked 
|  65|0x0000000084500000, 0x0000000084500000, 0x0000000084600000|  0%| F|  |TAMS 0x0000000084500000, 0x0000000084500000| Untracked 
|  66|0x0000000084600000, 0x0000000084600000, 0x0000000084700000|  0%| F|  |TAMS 0x0000000084600000, 0x0000000084600000| Untracked 
|  67|0x0000000084700000, 0x0000000084700000, 0x0000000084800000|  0%| F|  |TAMS 0x0000000084700000, 0x0000000084700000| Untracked 
|  68|0x0000000084800000, 0x0000000084800000, 0x0000000084900000|  0%| F|  |TAMS 0x0000000084800000, 0x0000000084800000| Untracked 
|  69|0x0000000084900000, 0x0000000084900000, 0x0000000084a00000|  0%| F|  |TAMS 0x0000000084900000, 0x0000000084900000| Untracked 
|  70|0x0000000084a00000, 0x0000000084a00000, 0x0000000084b00000|  0%| F|  |TAMS 0x0000000084a00000, 0x0000000084a00000| Untracked 
|  71|0x0000000084b00000, 0x0000000084b00000, 0x0000000084c00000|  0%| F|  |TAMS 0x0000000084b00000, 0x0000000084b00000| Untracked 
|  72|0x0000000084c00000, 0x0000000084c00000, 0x0000000084d00000|  0%| F|  |TAMS 0x0000000084c00000, 0x0000000084c00000| Untracked 
|  73|0x0000000084d00000, 0x0000000084d00000, 0x0000000084e00000|  0%| F|  |TAMS 0x0000000084d00000, 0x0000000084d00000| Untracked 
|  74|0x0000000084e00000, 0x0000000084e00000, 0x0000000084f00000|  0%| F|  |TAMS 0x0000000084e00000, 0x0000000084e00000| Untracked 
|  75|0x0000000084f00000, 0x0000000084f00000, 0x0000000085000000|  0%| F|  |TAMS 0x0000000084f00000, 0x0000000084f00000| Untracked 
|  76|0x0000000085000000, 0x0000000085000000, 0x0000000085100000|  0%| F|  |TAMS 0x0000000085000000, 0x0000000085000000| Untracked 
|  77|0x0000000085100000, 0x0000000085100000, 0x0000000085200000|  0%| F|  |TAMS 0x0000000085100000, 0x0000000085100000| Untracked 
|  78|0x0000000085200000, 0x0000000085200000, 0x0000000085300000|  0%| F|  |TAMS 0x0000000085200000, 0x0000000085200000| Untracked 
|  79|0x0000000085300000, 0x0000000085300000, 0x0000000085400000|  0%| F|  |TAMS 0x0000000085300000, 0x0000000085300000| Untracked 
|  80|0x0000000085400000, 0x0000000085400000, 0x0000000085500000|  0%| F|  |TAMS 0x0000000085400000, 0x0000000085400000| Untracked 
|  81|0x0000000085500000, 0x0000000085500000, 0x0000000085600000|  0%| F|  |TAMS 0x0000000085500000, 0x0000000085500000| Untracked 
|  82|0x0000000085600000, 0x0000000085600000, 0x0000000085700000|  0%| F|  |TAMS 0x0000000085600000, 0x0000000085600000| Untracked 
|  83|0x0000000085700000, 0x0000000085700000, 0x0000000085800000|  0%| F|  |TAMS 0x0000000085700000, 0x0000000085700000| Untracked 
|  84|0x0000000085800000, 0x0000000085800000, 0x0000000085900000|  0%| F|  |TAMS 0x0000000085800000, 0x0000000085800000| Untracked 
|  85|0x0000000085900000, 0x0000000085900000, 0x0000000085a00000|  0%| F|  |TAMS 0x0000000085900000, 0x0000000085900000| Untracked 
|  86|0x0000000085a00000, 0x0000000085a00000, 0x0000000085b00000|  0%| F|  |TAMS 0x0000000085a00000, 0x0000000085a00000| Untracked 
|  87|0x0000000085b00000, 0x0000000085b00000, 0x0000000085c00000|  0%| F|  |TAMS 0x0000000085b00000, 0x0000000085b00000| Untracked 
|  88|0x0000000085c00000, 0x0000000085c00000, 0x0000000085d00000|  0%| F|  |TAMS 0x0000000085c00000, 0x0000000085c00000| Untracked 
|  89|0x0000000085d00000, 0x0000000085d00000, 0x0000000085e00000|  0%| F|  |TAMS 0x0000000085d00000, 0x0000000085d00000| Untracked 
|  90|0x0000000085e00000, 0x0000000085e00000, 0x0000000085f00000|  0%| F|  |TAMS 0x0000000085e00000, 0x0000000085e00000| Untracked 
|  91|0x0000000085f00000, 0x0000000085f00000, 0x0000000086000000|  0%| F|  |TAMS 0x0000000085f00000, 0x0000000085f00000| Untracked 
|  92|0x0000000086000000, 0x0000000086000000, 0x0000000086100000|  0%| F|  |TAMS 0x0000000086000000, 0x0000000086000000| Untracked 
|  93|0x0000000086100000, 0x0000000086100000, 0x0000000086200000|  0%| F|  |TAMS 0x0000000086100000, 0x0000000086100000| Untracked 
|  94|0x0000000086200000, 0x0000000086200000, 0x0000000086300000|  0%| F|  |TAMS 0x0000000086200000, 0x0000000086200000| Untracked 
|  95|0x0000000086300000, 0x0000000086300000, 0x0000000086400000|  0%| F|  |TAMS 0x0000000086300000, 0x0000000086300000| Untracked 
|  96|0x0000000086400000, 0x0000000086400000, 0x0000000086500000|  0%| F|  |TAMS 0x0000000086400000, 0x0000000086400000| Untracked 
|  97|0x0000000086500000, 0x0000000086500000, 0x0000000086600000|  0%| F|  |TAMS 0x0000000086500000, 0x0000000086500000| Untracked 
|  98|0x0000000086600000, 0x0000000086600000, 0x0000000086700000|  0%| F|  |TAMS 0x0000000086600000, 0x0000000086600000| Untracked 
|  99|0x0000000086700000, 0x0000000086700000, 0x0000000086800000|  0%| F|  |TAMS 0x0000000086700000, 0x0000000086700000| Untracked 
| 100|0x0000000086800000, 0x0000000086800000, 0x0000000086900000|  0%| F|  |TAMS 0x0000000086800000, 0x0000000086800000| Untracked 
| 101|0x0000000086900000, 0x0000000086900000, 0x0000000086a00000|  0%| F|  |TAMS 0x0000000086900000, 0x0000000086900000| Untracked 
| 102|0x0000000086a00000, 0x0000000086a00000, 0x0000000086b00000|  0%| F|  |TAMS 0x0000000086a00000, 0x0000000086a00000| Untracked 
| 103|0x0000000086b00000, 0x0000000086b00000, 0x0000000086c00000|  0%| F|  |TAMS 0x0000000086b00000, 0x0000000086b00000| Untracked 
| 104|0x0000000086c00000, 0x0000000086c00000, 0x0000000086d00000|  0%| F|  |TAMS 0x0000000086c00000, 0x0000000086c00000| Untracked 
| 105|0x0000000086d00000, 0x0000000086d00000, 0x0000000086e00000|  0%| F|  |TAMS 0x0000000086d00000, 0x0000000086d00000| Untracked 
| 106|0x0000000086e00000, 0x0000000086e00000, 0x0000000086f00000|  0%| F|  |TAMS 0x0000000086e00000, 0x0000000086e00000| Untracked 
| 107|0x0000000086f00000, 0x0000000086f00000, 0x0000000087000000|  0%| F|  |TAMS 0x0000000086f00000, 0x0000000086f00000| Untracked 
| 108|0x0000000087000000, 0x0000000087000000, 0x0000000087100000|  0%| F|  |TAMS 0x0000000087000000, 0x0000000087000000| Untracked 
| 109|0x0000000087100000, 0x0000000087100000, 0x0000000087200000|  0%| F|  |TAMS 0x0000000087100000, 0x0000000087100000| Untracked 
| 110|0x0000000087200000, 0x0000000087200000, 0x0000000087300000|  0%| F|  |TAMS 0x0000000087200000, 0x0000000087200000| Untracked 
| 111|0x0000000087300000, 0x0000000087300000, 0x0000000087400000|  0%| F|  |TAMS 0x0000000087300000, 0x0000000087300000| Untracked 
| 112|0x0000000087400000, 0x0000000087400000, 0x0000000087500000|  0%| F|  |TAMS 0x0000000087400000, 0x0000000087400000| Untracked 
| 113|0x0000000087500000, 0x0000000087500000, 0x0000000087600000|  0%| F|  |TAMS 0x0000000087500000, 0x0000000087500000| Untracked 
| 114|0x0000000087600000, 0x0000000087600000, 0x0000000087700000|  0%| F|  |TAMS 0x0000000087600000, 0x0000000087600000| Untracked 
| 115|0x0000000087700000, 0x0000000087700000, 0x0000000087800000|  0%| F|  |TAMS 0x0000000087700000, 0x0000000087700000| Untracked 
| 116|0x0000000087800000, 0x0000000087800000, 0x0000000087900000|  0%| F|  |TAMS 0x0000000087800000, 0x0000000087800000| Untracked 
| 117|0x0000000087900000, 0x0000000087900000, 0x0000000087a00000|  0%| F|  |TAMS 0x0000000087900000, 0x0000000087900000| Untracked 
| 118|0x0000000087a00000, 0x0000000087a00000, 0x0000000087b00000|  0%| F|  |TAMS 0x0000000087a00000, 0x0000000087a00000| Untracked 
| 119|0x0000000087b00000, 0x0000000087b00000, 0x0000000087c00000|  0%| F|  |TAMS 0x0000000087b00000, 0x0000000087b00000| Untracked 
| 120|0x0000000087c00000, 0x0000000087c00000, 0x0000000087d00000|  0%| F|  |TAMS 0x0000000087c00000, 0x0000000087c00000| Untracked 
| 121|0x0000000087d00000, 0x0000000087d00000, 0x0000000087e00000|  0%| F|  |TAMS 0x0000000087d00000, 0x0000000087d00000| Untracked 
| 122|0x0000000087e00000, 0x0000000087e00000, 0x0000000087f00000|  0%| F|  |TAMS 0x0000000087e00000, 0x0000000087e00000| Untracked 
| 123|0x0000000087f00000, 0x0000000087f00000, 0x0000000088000000|  0%| F|  |TAMS 0x0000000087f00000, 0x0000000087f00000| Untracked 
| 124|0x0000000088000000, 0x0000000088000000, 0x0000000088100000|  0%| F|  |TAMS 0x0000000088000000, 0x0000000088000000| Untracked 
| 125|0x0000000088100000, 0x0000000088185a70, 0x0000000088200000| 52%| E|  |TAMS 0x0000000088100000, 0x0000000088100000| Complete 
| 126|0x0000000088200000, 0x0000000088300000, 0x0000000088300000|100%| E|CS|TAMS 0x0000000088200000, 0x0000000088200000| Complete 
| 127|0x0000000088300000, 0x0000000088400000, 0x0000000088400000|100%| E|CS|TAMS 0x0000000088300000, 0x0000000088300000| Complete 

Card table byte_map: [0x0000017afa820000,0x0000017afac20000] _byte_map_base: 0x0000017afa41e000

Marking Bits (Prev, Next): (CMBitMap*) 0x0000017afa3ae6b0, (CMBitMap*) 0x0000017afa3ae6f0
 Prev Bits: [0x0000017afb020000, 0x0000017afd010000)
 Next Bits: [0x0000017afd010000, 0x0000017aff000000)

Polling page: 0x0000017af8300000

Metaspace:

Usage:
  Non-class:      6.75 MB used.
      Class:    664.80 KB used.
       Both:      7.40 MB used.

Virtual space:
  Non-class space:       64.00 MB reserved,       6.81 MB ( 11%) committed,  1 nodes.
      Class space:        1.00 GB reserved,     768.00 KB ( <1%) committed,  1 nodes.
             Both:        1.06 GB reserved,       7.56 MB ( <1%) committed. 

Chunk freelists:
   Non-Class:  990.00 KB
       Class:  3.22 MB
        Both:  4.19 MB

MaxMetaspaceSize: unlimited
CompressedClassSpaceSize: 1.00 GB
Initial GC threshold: 21.00 MB
Current GC threshold: 21.00 MB
CDS: off
MetaspaceReclaimPolicy: balanced
 - commit_granule_bytes: 65536.
 - commit_granule_words: 8192.
 - virtual_space_node_default_size: 8388608.
 - enlarge_chunks_in_place: 1.
 - new_chunks_are_fully_committed: 0.
 - uncommit_free_chunks: 1.
 - use_allocation_guard: 0.


Internal statistics:

num_allocs_failed_limit: 0.
num_arena_births: 42.
num_arena_deaths: 0.
num_vsnodes_births: 2.
num_vsnodes_deaths: 0.
num_space_committed: 121.
num_space_uncommitted: 0.
num_chunks_returned_to_freelist: 0.
num_chunks_taken_from_freelist: 59.
num_chunk_merges: 0.
num_chunk_splits: 33.
num_chunks_enlarged: 19.
num_inconsistent_stats: 0.

CodeHeap 'non-profiled nmethods': size=120000Kb used=104Kb max_used=104Kb free=119895Kb
 bounds [0x0000017a8f340000, 0x0000017a8f5b0000, 0x0000017a96870000]
CodeHeap 'profiled nmethods': size=120000Kb used=332Kb max_used=332Kb free=119667Kb
 bounds [0x0000017a87e10000, 0x0000017a88080000, 0x0000017a8f340000]
CodeHeap 'non-nmethods': size=5760Kb used=1112Kb max_used=1126Kb free=4647Kb
 bounds [0x0000017a87870000, 0x0000017a87ae0000, 0x0000017a87e10000]
 total_blobs=690 nmethods=311 adapters=292
 compilation: enabled
              stopped_count=0, restarted_count=0
 full_count=0

Compilation events (20 events):
Event: 0.528 Thread 0x0000017a98a517c0 nmethod 298 0x0000017a8f359290 code [0x0000017a8f359420, 0x0000017a8f3594f8]
Event: 0.528 Thread 0x0000017a98a517c0  299       3       jdk.internal.org.objectweb.asm.MethodWriter::visitVarInsn (302 bytes)
Event: 0.530 Thread 0x0000017a98a517c0 nmethod 299 0x0000017a87e5fa90 code [0x0000017a87e5fce0, 0x0000017a87e60688]
Event: 0.530 Thread 0x0000017a98a517c0  303       3       java.lang.StringBuilder::<init> (7 bytes)
Event: 0.530 Thread 0x0000017a98a517c0 nmethod 303 0x0000017a87e60910 code [0x0000017a87e60aa0, 0x0000017a87e60be8]
Event: 0.530 Thread 0x0000017a98a517c0  302       3       java.lang.invoke.LambdaForm::parameter (38 bytes)
Event: 0.530 Thread 0x0000017a98a517c0 nmethod 302 0x0000017a87e60c90 code [0x0000017a87e60e20, 0x0000017a87e60f58]
Event: 0.530 Thread 0x0000017a98a517c0  300       3       java.util.ImmutableCollections$List12::get (35 bytes)
Event: 0.530 Thread 0x0000017a98a517c0 nmethod 300 0x0000017a87e61010 code [0x0000017a87e611c0, 0x0000017a87e61468]
Event: 0.531 Thread 0x0000017a98a517c0  304       3       java.lang.invoke.MethodType::parameterSlotCount (8 bytes)
Event: 0.531 Thread 0x0000017a98a517c0 nmethod 304 0x0000017a87e61510 code [0x0000017a87e616a0, 0x0000017a87e617d8]
Event: 0.532 Thread 0x0000017a98a517c0  306       3       java.lang.invoke.LambdaForm$Name::useCount (51 bytes)
Event: 0.532 Thread 0x0000017a98a517c0 nmethod 306 0x0000017a87e61890 code [0x0000017a87e61a40, 0x0000017a87e61cb8]
Event: 0.533 Thread 0x0000017a98a517c0  307       3       java.lang.invoke.MethodTypeForm::canonicalizeAll (63 bytes)
Event: 0.533 Thread 0x0000017a98a517c0 nmethod 307 0x0000017a87e61d90 code [0x0000017a87e61f80, 0x0000017a87e625b8]
Event: 0.533 Thread 0x0000017a98a517c0  308       3       java.lang.invoke.MethodType$ConcurrentWeakInternSet$WeakEntry::<init> (15 bytes)
Event: 0.534 Thread 0x0000017a98a517c0 nmethod 308 0x0000017a87e62790 code [0x0000017a87e62960, 0x0000017a87e62d68]
Event: 0.534 Thread 0x0000017a98a517c0  309       3       java.lang.invoke.LambdaForm::parameterType (9 bytes)
Event: 0.534 Thread 0x0000017a98a517c0 nmethod 309 0x0000017a87e62e90 code [0x0000017a87e63040, 0x0000017a87e63188]
Event: 0.534 Thread 0x0000017a98a517c0  311       3       jdk.internal.org.objectweb.asm.Frame::execute (2305 bytes)

GC Heap History (0 events):
No events

Deoptimization events (4 events):
Event: 0.465 Thread 0x0000017afa34d980 Uncommon trap: trap_request=0xffffff45 fr.pc=0x0000017a8f3490a4 relative=0x00000000000000a4
Event: 0.465 Thread 0x0000017afa34d980 Uncommon trap: reason=unstable_if action=reinterpret pc=0x0000017a8f3490a4 method=java.lang.String.isLatin1()Z @ 10 c2
Event: 0.465 Thread 0x0000017afa34d980 DEOPT PACKING pc=0x0000017a8f3490a4 sp=0x0000005679efec80
Event: 0.465 Thread 0x0000017afa34d980 DEOPT UNPACKING pc=0x0000017a878c23a3 sp=0x0000005679efebc0 mode 2

Classes loaded (20 events):
Event: 0.529 Loading class java/lang/invoke/BoundMethodHandle$Species_LLLLLLL
Event: 0.529 Loading class java/lang/invoke/BoundMethodHandle$Species_LLLLLLL done
Event: 0.529 Loading class java/util/TreeMap
Event: 0.530 Loading class java/util/NavigableMap
Event: 0.530 Loading class java/util/SortedMap
Event: 0.530 Loading class java/util/SortedMap done
Event: 0.530 Loading class java/util/NavigableMap done
Event: 0.531 Loading class java/util/TreeMap done
Event: 0.531 Loading class java/lang/invoke/LambdaFormEditor$1
Event: 0.531 Loading class java/lang/invoke/LambdaFormEditor$1 done
Event: 0.531 Loading class java/util/TreeMap$Entry
Event: 0.531 Loading class java/util/TreeMap$Entry done
Event: 0.531 Loading class java/util/TreeMap$EntrySet
Event: 0.531 Loading class java/util/TreeMap$EntrySet done
Event: 0.531 Loading class java/util/TreeMap$EntryIterator
Event: 0.531 Loading class java/util/TreeMap$PrivateEntryIterator
Event: 0.531 Loading class java/util/TreeMap$PrivateEntryIterator done
Event: 0.531 Loading class java/util/TreeMap$EntryIterator done
Event: 0.533 Loading class java/io/FileNotFoundException
Event: 0.533 Loading class java/io/FileNotFoundException done

Classes unloaded (0 events):
No events

Classes redefined (0 events):
No events

Internal exceptions (6 events):
Event: 0.438 Thread 0x0000017afa34d980 Exception <a 'sun/nio/fs/WindowsException'{0x00000000882535c8}> (0x00000000882535c8) 
thrown [s\open\src\hotspot\share\prims\jni.cpp, line 516]
Event: 0.439 Thread 0x0000017afa34d980 Exception <a 'sun/nio/fs/WindowsException'{0x0000000088253b58}> (0x0000000088253b58) 
thrown [s\open\src\hotspot\share\prims\jni.cpp, line 516]
Event: 0.440 Thread 0x0000017afa34d980 Exception <a 'sun/nio/fs/WindowsException'{0x00000000882560c8}> (0x00000000882560c8) 
thrown [s\open\src\hotspot\share\prims\jni.cpp, line 516]
Event: 0.441 Thread 0x0000017afa34d980 Exception <a 'sun/nio/fs/WindowsException'{0x0000000088256e58}> (0x0000000088256e58) 
thrown [s\open\src\hotspot\share\prims\jni.cpp, line 516]
Event: 0.504 Thread 0x0000017afa34d980 Exception <a 'java/lang/ClassNotFoundException'{0x000000008810e210}: sun/awt/resources/spi/awtProvider> (0x000000008810e210) 
thrown [s\open\src\hotspot\share\classfile\systemDictionary.cpp, line 255]
Event: 0.533 Thread 0x0000017afa34d980 Exception <a 'java/io/FileNotFoundException'{0x0000000088163668}> (0x0000000088163668) 
thrown [s\open\src\hotspot\share\prims\jni.cpp, line 516]

VM Operations (2 events):
Event: 0.443 Executing VM operation: HandshakeAllThreads
Event: 0.443 Executing VM operation: HandshakeAllThreads done

Events (18 events):
Event: 0.007 Loaded shared library E:\javajdk\bin\java.dll
Event: 0.203 Loaded shared library E:\javajdk\bin\jsvml.dll
Event: 0.204 Thread 0x0000017afa34d980 Thread added: 0x0000017afa34d980
Event: 0.214 Thread 0x0000017a98a0e150 Thread added: 0x0000017a98a0e150
Event: 0.215 Thread 0x0000017a98a0ef40 Thread added: 0x0000017a98a0ef40
Event: 0.266 Thread 0x0000017a98a43630 Thread added: 0x0000017a98a43630
Event: 0.266 Thread 0x0000017a98a43ee0 Thread added: 0x0000017a98a43ee0
Event: 0.266 Thread 0x0000017a98a44790 Thread added: 0x0000017a98a44790
Event: 0.266 Thread 0x0000017a98a45040 Thread added: 0x0000017a98a45040
Event: 0.266 Thread 0x0000017a98a4ed80 Thread added: 0x0000017a98a4ed80
Event: 0.267 Thread 0x0000017a98a517c0 Thread added: 0x0000017a98a517c0
Event: 0.267 Thread 0x0000017a98a556f0 Thread added: 0x0000017a98a556f0
Event: 0.401 Thread 0x0000017a9cca8bc0 Thread added: 0x0000017a9cca8bc0
Event: 0.433 Loaded shared library E:\javajdk\bin\net.dll
Event: 0.435 Loaded shared library E:\javajdk\bin\nio.dll
Event: 0.460 Thread 0x0000017a9d01e950 Thread added: 0x0000017a9d01e950
Event: 0.492 Loaded shared library E:\javajdk\bin\jimage.dll
Event: 0.517 Loaded shared library E:\javajdk\bin\awt.dll


Dynamic libraries:
0x00007ff660be0000 - 0x00007ff660bf0000 	E:\javajdk\bin\java.exe
0x00007ffec8990000 - 0x00007ffec8b88000 	C:\Windows\SYSTEM32\ntdll.dll
0x00007ffec6af0000 - 0x00007ffec6bad000 	C:\Windows\System32\KERNEL32.DLL
0x00007ffec6590000 - 0x00007ffec685e000 	C:\Windows\System32\KERNELBASE.dll
0x00007ffec60b0000 - 0x00007ffec61b0000 	C:\Windows\System32\ucrtbase.dll
0x00007ffeb3640000 - 0x00007ffeb365a000 	E:\javajdk\bin\VCRUNTIME140.dll
0x00007ffeb1ad0000 - 0x00007ffeb1ae8000 	E:\javajdk\bin\jli.dll
0x00007ffec7a60000 - 0x00007ffec7b0e000 	C:\Windows\System32\ADVAPI32.dll
0x00007ffec6a50000 - 0x00007ffec6aee000 	C:\Windows\System32\msvcrt.dll
0x00007ffec7400000 - 0x00007ffec749c000 	C:\Windows\System32\sechost.dll
0x00007ffec74a0000 - 0x00007ffec75c5000 	C:\Windows\System32\RPCRT4.dll
0x00007ffec8700000 - 0x00007ffec88a0000 	C:\Windows\System32\USER32.dll
0x00007ffec6560000 - 0x00007ffec6582000 	C:\Windows\System32\win32u.dll
0x00007ffeaf4a0000 - 0x00007ffeaf73a000 	C:\Windows\WinSxS\amd64_microsoft.windows.common-controls_6595b64144ccf1df_6.0.19041.1110_none_60b5254171f9507e\COMCTL32.dll
0x00007ffec6d20000 - 0x00007ffec6d4a000 	C:\Windows\System32\GDI32.dll
0x00007ffec61b0000 - 0x00007ffec62bb000 	C:\Windows\System32\gdi32full.dll
0x00007ffec64c0000 - 0x00007ffec655d000 	C:\Windows\System32\msvcp_win.dll
0x00007ffebf490000 - 0x00007ffebf49a000 	C:\Windows\SYSTEM32\VERSION.dll
0x00007ffec78a0000 - 0x00007ffec78d0000 	C:\Windows\System32\IMM32.DLL
0x00007ffeb5e20000 - 0x00007ffeb5e2c000 	E:\javajdk\bin\vcruntime140_1.dll
0x00007ffe79cb0000 - 0x00007ffe79d3d000 	E:\javajdk\bin\msvcp140.dll
0x00007ffe79ff0000 - 0x00007ffe7ac00000 	E:\javajdk\bin\server\jvm.dll
0x00007ffec6bb0000 - 0x00007ffec6bb8000 	C:\Windows\System32\PSAPI.DLL
0x00007ffead460000 - 0x00007ffead469000 	C:\Windows\SYSTEM32\WSOCK32.dll
0x00007ffebbae0000 - 0x00007ffebbb07000 	C:\Windows\SYSTEM32\WINMM.dll
0x00007ffec79f0000 - 0x00007ffec7a5b000 	C:\Windows\System32\WS2_32.dll
0x00007ffec3fc0000 - 0x00007ffec3fd2000 	C:\Windows\SYSTEM32\kernel.appcore.dll
0x00007ffeb4c10000 - 0x00007ffeb4c1a000 	E:\javajdk\bin\jimage.dll
0x00007ffeb7480000 - 0x00007ffeb7664000 	C:\Windows\SYSTEM32\DBGHELP.DLL
0x00007ffea2ae0000 - 0x00007ffea2b0c000 	C:\Windows\SYSTEM32\dbgcore.DLL
0x00007ffec6330000 - 0x00007ffec63b2000 	C:\Windows\System32\bcryptPrimitives.dll
0x00007ffe957c0000 - 0x00007ffe957e5000 	E:\javajdk\bin\java.dll
0x00007ffe79ed0000 - 0x00007ffe79fa6000 	E:\javajdk\bin\jsvml.dll
0x00007ffec7b10000 - 0x00007ffec8253000 	C:\Windows\System32\SHELL32.dll
0x00007ffec41c0000 - 0x00007ffec4955000 	C:\Windows\SYSTEM32\windows.storage.dll
0x00007ffec8260000 - 0x00007ffec85b4000 	C:\Windows\System32\combase.dll
0x00007ffec5b10000 - 0x00007ffec5b40000 	C:\Windows\SYSTEM32\Wldp.dll
0x00007ffec88a0000 - 0x00007ffec894d000 	C:\Windows\System32\SHCORE.dll
0x00007ffec69f0000 - 0x00007ffec6a45000 	C:\Windows\System32\shlwapi.dll
0x00007ffec5ff0000 - 0x00007ffec600f000 	C:\Windows\SYSTEM32\profapi.dll
0x00007ffeb3620000 - 0x00007ffeb3633000 	E:\javajdk\bin\net.dll
0x00007ffebb3b0000 - 0x00007ffebb4ba000 	C:\Windows\SYSTEM32\WINHTTP.dll
0x00007ffec5870000 - 0x00007ffec58da000 	C:\Windows\system32\mswsock.dll
0x00007ffea5110000 - 0x00007ffea5126000 	E:\javajdk\bin\nio.dll
0x00007ffe79d40000 - 0x00007ffe79ecf000 	E:\javajdk\bin\awt.dll
0x00007ffec6c50000 - 0x00007ffec6d1d000 	C:\Windows\System32\OLEAUT32.dll
0x00007ffec3900000 - 0x00007ffec3990000 	C:\Windows\SYSTEM32\apphelp.dll

dbghelp: loaded successfully - version: 4.0.5 - missing functions: none
symbol engine: initialized successfully - sym options: 0x614 - pdb path: .;E:\javajdk\bin;C:\Windows\SYSTEM32;C:\Windows\WinSxS\amd64_microsoft.windows.common-controls_6595b64144ccf1df_6.0.19041.1110_none_60b5254171f9507e;E:\javajdk\bin\server

VM Arguments:
jvm_args: -Dfile.encoding=UTF-8 --module-path=C:\Users\Nekhross\Documents\NetBeansProjects\App_proyectoVinculacion\build\classes 
java_command: app_proyectovinculacion.Interfaz_registro
java_class_path (initial): C:\Users\Nekhross\Documents\NetBeansProjects\App_proyectoVinculacion\build\classes
Launcher Type: SUN_STANDARD

[Global flags]
     intx CICompilerCount                          = 3                                         {product} {ergonomic}
     uint ConcGCThreads                            = 1                                         {product} {ergonomic}
     uint G1ConcRefinementThreads                  = 4                                         {product} {ergonomic}
   size_t G1HeapRegionSize                         = 1048576                                   {product} {ergonomic}
    uintx GCDrainStackTargetSize                   = 64                                        {product} {ergonomic}
   size_t InitialHeapSize                          = 134217728                                 {product} {ergonomic}
   size_t MarkStackSize                            = 4194304                                   {product} {ergonomic}
   size_t MaxHeapSize                              = 2143289344                                {product} {ergonomic}
   size_t MaxNewSize                               = 1285554176                                {product} {ergonomic}
   size_t MinHeapDeltaBytes                        = 1048576                                   {product} {ergonomic}
   size_t MinHeapSize                              = 8388608                                   {product} {ergonomic}
    uintx NonNMethodCodeHeapSize                   = 5832780                                {pd product} {ergonomic}
    uintx NonProfiledCodeHeapSize                  = 122912730                              {pd product} {ergonomic}
    uintx ProfiledCodeHeapSize                     = 122912730                              {pd product} {ergonomic}
    uintx ReservedCodeCacheSize                    = 251658240                              {pd product} {ergonomic}
     bool SegmentedCodeCache                       = true                                      {product} {ergonomic}
   size_t SoftMaxHeapSize                          = 2143289344                             {manageable} {ergonomic}
     bool UseCompressedClassPointers               = true                           {product lp64_product} {ergonomic}
     bool UseCompressedOops                        = true                           {product lp64_product} {ergonomic}
     bool UseG1GC                                  = true                                      {product} {ergonomic}
     bool UseLargePagesIndividualAllocation        = false                                  {pd product} {ergonomic}

Logging:
Log output configuration:
 #0: stdout all=warning uptime,level,tags foldmultilines=false
 #1: stderr all=off uptime,level,tags foldmultilines=false

Environment Variables:
PATH=C:\Program Files\Common Files\Oracle\Java\javapath;C:\Program Files (x86)\Common Files\Oracle\Java\javapath;C:\Windows\system32;C:\Windows;C:\Windows\System32\Wbem;C:\Windows\System32\WindowsPowerShell\v1.0\;C:\Windows\System32\OpenSSH\;C:\Program Files (x86)\NVIDIA Corporation\PhysX\Common;C:\Program Files\NVIDIA Corporation\NVIDIA NvDLISR;C:\Users\Nekhross\AppData\Local\Microsoft\WindowsApps;
USERNAME=Nekhross
OS=Windows_NT
PROCESSOR_IDENTIFIER=Intel64 Family 6 Model 42 Stepping 7, GenuineIntel



---------------  S Y S T E M  ---------------

OS:
 Windows 10 , 64 bit Build 19041 (10.0.19041.1889)
OS uptime: 0 days 4:55 hours

CPU: total 4 (initial active 4) (4 cores per cpu, 1 threads per core) family 6 model 42 stepping 7 microcode 0x2f, cx8, cmov, fxsr, mmx, sse, sse2, sse3, ssse3, sse4.1, sse4.2, popcnt, tsc, tscinvbit, avx, aes, clmul, vzeroupper, clflush

Memory: 4k page, system-wide physical 8174M (1100M free)
TotalPageFile size 12270M (AvailPageFile size 1M)
current process WorkingSet (physical memory assigned to process): 35M, peak: 35M
current process commit charge ("private bytes"): 200M, peak: 200M

vm_info: Java HotSpot(TM) 64-Bit Server VM (18.0.1.1+2-6) for windows-amd64 JRE (18.0.1.1+2-6), built on Apr 25 2022 21:53:15 by "mach5one" with MS VC++ 16.8 / 16.9 (VS2019)

END.
